<?xml version="1.0" encoding="UTF-8"?>
<!-- Generated by org.testng.reporters.JUnitReportReporter -->
<testsuite hostname="er-sri-jaya-shankaran" failures="0" tests="2" name="Testng_payment" time="0.011" errors="0" timestamp="2025-09-02T21:18:07 IST" skipped="0">
  <testcase classname="Testng_payment" name="pay_inr" time="0.010"/>
  <testcase classname="Testng_payment" name="pay_dollar" time="0.001"/>
</testsuite> <!-- Testng_payment -->
