<?xml version="1.0" encoding="UTF-8"?>
<!-- Generated by org.testng.reporters.JUnitReportReporter -->
<testsuite hostname="er-sri-jaya-shankaran" failures="0" tests="2" name="Testng_first" time="0.003" errors="0" timestamp="2025-08-31T23:07:21 IST" skipped="0">
  <testcase classname="Testng_first" name="login" time="0.001"/>
  <testcase classname="Testng_first" name="openapp" time="0.002"/>
</testsuite> <!-- Testng_first -->
