<?xml version="1.0" encoding="UTF-8"?>
<!-- Generated by org.testng.reporters.JUnitReportReporter -->
<testsuite hostname="er-sri-jaya-shankaran" failures="0" tests="3" name="Testng_login" time="0.011" errors="0" timestamp="2025-09-02T21:16:38 IST" skipped="0">
  <testcase classname="Testng_login" name="login_facebook" time="0.009"/>
  <testcase classname="Testng_login" name="login_email" time="0.001"/>
  <testcase classname="Testng_login" name="login_twitter" time="0.001"/>
</testsuite> <!-- Testng_login -->
