<?xml version="1.0" encoding="UTF-8"?>
<!-- Generated by org.testng.reporters.JUnitReportReporter -->
<testsuite hostname="er-sri-jaya-shankaran" failures="0" tests="3" name="Testng_signup" time="0.002" errors="0" timestamp="2025-09-02T21:16:38 IST" skipped="0">
  <testcase classname="Testng_signup" name="signup_fb" time="0.001"/>
  <testcase classname="Testng_signup" name="signup_twitter" time="0.000"/>
  <testcase classname="Testng_signup" name="signup_mail" time="0.001"/>
</testsuite> <!-- Testng_signup -->
