<?xml version="1.0" encoding="UTF-8"?>
<!-- Generated by org.testng.reporters.JUnitReportReporter -->
<testsuite hostname="er-sri-jaya-shankaran" failures="0" tests="4" name="Testng_orangehrm" time="12.151" errors="0" timestamp="2025-08-31T23:07:21 IST" skipped="0">
  <testcase classname="Testng_orangehrm" name="openapp" time="7.533"/>
  <testcase classname="Testng_orangehrm" name="testlogo" time="3.142"/>
  <testcase classname="Testng_orangehrm" name="testlogin" time="1.377"/>
  <testcase classname="Testng_orangehrm" name="testlogout" time="0.099"/>
</testsuite> <!-- Testng_orangehrm -->
